This is pdfTeX, Version 3.1415926-2.4-1.40.13 (MiKTeX 2.9 64-bit) (preloaded format=pdflatex 2014.2.2)  17 FEB 2014 11:45
entering extended mode
**hw3.tex
(C:\Users\harry_000\Dropbox\Courses\CS188\HW\hw3\hw3.tex
LaTeX2e <2011/06/27>
Babel <v3.8m> and hyphenation patterns for english, afrikaans, ancientgreek, ar
abic, armenian, assamese, basque, bengali, bokmal, bulgarian, catalan, coptic, 
croatian, czech, danish, dutch, esperanto, estonian, farsi, finnish, french, ga
lician, german, german-x-2012-05-30, greek, gujarati, hindi, hungarian, iceland
ic, indonesian, interlingua, irish, italian, kannada, kurmanji, latin, latvian,
 lithuanian, malayalam, marathi, mongolian, mongolianlmc, monogreek, ngerman, n
german-x-2012-05-30, nynorsk, oriya, panjabi, pinyin, polish, portuguese, roman
ian, russian, sanskrit, serbian, slovak, slovenian, spanish, swedish, swissgerm
an, tamil, telugu, turkish, turkmen, ukenglish, ukrainian, uppersorbian, usengl
ishmax, welsh, loaded.
("C:\Program Files\MiKTeX 2.9\tex\latex\base\article.cls"
Document Class: article 2007/10/19 v1.4h Standard LaTeX document class
("C:\Program Files\MiKTeX 2.9\tex\latex\base\size10.clo"
File: size10.clo 2007/10/19 v1.4h Standard LaTeX file (size option)
)
\c@part=\count79
\c@section=\count80
\c@subsection=\count81
\c@subsubsection=\count82
\c@paragraph=\count83
\c@subparagraph=\count84
\c@figure=\count85
\c@table=\count86
\abovecaptionskip=\skip41
\belowcaptionskip=\skip42
\bibindent=\dimen102
)
(C:\Users\harry_000\Dropbox\Courses\CS188\HW\hw3\class.sty
\weekno=\count87
\lecturenumber=\count88
\saveskip=\skip43
\saveindent=\skip44
\c@theorem=\count89


LaTeX Warning: You have requested package `class',
               but the package provides `problem-set'.

Package: problem-set 
("C:\Program Files\MiKTeX 2.9\tex\latex\amsmath\amsmath.sty"
Package: amsmath 2013/01/14 v2.14 AMS math features
\@mathmargin=\skip45

For additional information on amsmath, use the `?' option.
("C:\Program Files\MiKTeX 2.9\tex\latex\amsmath\amstext.sty"
Package: amstext 2000/06/29 v2.01

("C:\Program Files\MiKTeX 2.9\tex\latex\amsmath\amsgen.sty"
File: amsgen.sty 1999/11/30 v2.0
\@emptytoks=\toks14
\ex@=\dimen103
))
("C:\Program Files\MiKTeX 2.9\tex\latex\amsmath\amsbsy.sty"
Package: amsbsy 1999/11/29 v1.2d
\pmbraise@=\dimen104
)
("C:\Program Files\MiKTeX 2.9\tex\latex\amsmath\amsopn.sty"
Package: amsopn 1999/12/14 v2.01 operator names
)
\inf@bad=\count90
LaTeX Info: Redefining \frac on input line 210.
\uproot@=\count91
\leftroot@=\count92
LaTeX Info: Redefining \overline on input line 306.
\classnum@=\count93
\DOTSCASE@=\count94
LaTeX Info: Redefining \ldots on input line 378.
LaTeX Info: Redefining \dots on input line 381.
LaTeX Info: Redefining \cdots on input line 466.
\Mathstrutbox@=\box26
\strutbox@=\box27
\big@size=\dimen105
LaTeX Font Info:    Redeclaring font encoding OML on input line 566.
LaTeX Font Info:    Redeclaring font encoding OMS on input line 567.
\macc@depth=\count95
\c@MaxMatrixCols=\count96
\dotsspace@=\muskip10
\c@parentequation=\count97
\dspbrk@lvl=\count98
\tag@help=\toks15
\row@=\count99
\column@=\count100
\maxfields@=\count101
\andhelp@=\toks16
\eqnshift@=\dimen106
\alignsep@=\dimen107
\tagshift@=\dimen108
\tagwidth@=\dimen109
\totwidth@=\dimen110
\lineht@=\dimen111
\@envbody=\toks17
\multlinegap=\skip46
\multlinetaggap=\skip47
\mathdisplay@stack=\toks18
LaTeX Info: Redefining \[ on input line 2665.
LaTeX Info: Redefining \] on input line 2666.
)
("C:\Program Files\MiKTeX 2.9\tex\latex\jknappen\mathrsfs.sty"
Package: mathrsfs 1996/01/01 Math RSFS package v1.0 (jk)
\symrsfs=\mathgroup4
)
("C:\Program Files\MiKTeX 2.9\tex\latex\amscls\amsthm.sty"
Package: amsthm 2004/08/06 v2.20
\thm@style=\toks19
\thm@bodyfont=\toks20
\thm@headfont=\toks21
\thm@notefont=\toks22
\thm@headpunct=\toks23
\thm@preskip=\skip48
\thm@postskip=\skip49
\thm@headsep=\skip50
\dth@everypar=\toks24
)
("C:\Program Files\MiKTeX 2.9\tex\latex\tools\enumerate.sty"
Package: enumerate 1999/03/05 v3.00 enumerate extensions (DPC)
\@enLab=\toks25
)
("C:\Program Files\MiKTeX 2.9\tex\latex\graphics\color.sty"
Package: color 2005/11/14 v1.0j Standard LaTeX Color (DPC)

("C:\Program Files\MiKTeX 2.9\tex\latex\00miktex\color.cfg"
File: color.cfg 2007/01/18 v1.5 color configuration of teTeX/TeXLive
)
Package color Info: Driver file: pdftex.def on input line 130.

("C:\Program Files\MiKTeX 2.9\tex\latex\pdftex-def\pdftex.def"
File: pdftex.def 2011/05/27 v0.06d Graphics/color for pdfTeX

("C:\Program Files\MiKTeX 2.9\tex\generic\oberdiek\infwarerr.sty"
Package: infwarerr 2010/04/08 v1.3 Providing info/warning/error messages (HO)
)
("C:\Program Files\MiKTeX 2.9\tex\generic\oberdiek\ltxcmds.sty"
Package: ltxcmds 2011/11/09 v1.22 LaTeX kernel commands for general use (HO)
)
\Gread@gobject=\count102
))
("C:\Program Files\MiKTeX 2.9\tex\latex\graphics\graphicx.sty"
Package: graphicx 1999/02/16 v1.0f Enhanced LaTeX Graphics (DPC,SPQR)

("C:\Program Files\MiKTeX 2.9\tex\latex\graphics\keyval.sty"
Package: keyval 1999/03/16 v1.13 key=value parser (DPC)
\KV@toks@=\toks26
)
("C:\Program Files\MiKTeX 2.9\tex\latex\graphics\graphics.sty"
Package: graphics 2009/02/05 v1.0o Standard LaTeX Graphics (DPC,SPQR)

("C:\Program Files\MiKTeX 2.9\tex\latex\graphics\trig.sty"
Package: trig 1999/03/16 v1.09 sin cos tan (DPC)
)
("C:\Program Files\MiKTeX 2.9\tex\latex\00miktex\graphics.cfg"
File: graphics.cfg 2007/01/18 v1.5 graphics configuration of teTeX/TeXLive
)
Package graphics Info: Driver file: pdftex.def on input line 91.
)
\Gin@req@height=\dimen112
\Gin@req@width=\dimen113
)
("C:\Program Files\MiKTeX 2.9\tex\latex\base\ifthen.sty"
Package: ifthen 2001/05/26 v1.1c Standard LaTeX ifthen package (DPC)
)
("C:\Program Files\MiKTeX 2.9\tex\latex\wrapfig\wrapfig.sty"
\wrapoverhang=\dimen114
\WF@size=\dimen115
\c@WF@wrappedlines=\count103
\WF@box=\box28
\WF@everypar=\toks27
Package: wrapfig 2003/01/31  v 3.6
)
\c@TotalPoints=\count104
\c@ProblemPoints=\count105
\c@QuestionPoints=\count106
\c@SubQuestionPoints=\count107
)
("C:\Program Files\MiKTeX 2.9\tex\latex\fancyhdr\fancyhdr.sty"
\fancy@headwidth=\skip51
\f@ncyO@elh=\skip52
\f@ncyO@erh=\skip53
\f@ncyO@olh=\skip54
\f@ncyO@orh=\skip55
\f@ncyO@elf=\skip56
\f@ncyO@erf=\skip57
\f@ncyO@olf=\skip58
\f@ncyO@orf=\skip59
)
("C:\Program Files\MiKTeX 2.9\tex\latex\booktabs\booktabs.sty"
Package: booktabs 2005/04/14 v1.61803 publication quality tables
\heavyrulewidth=\dimen116
\lightrulewidth=\dimen117
\cmidrulewidth=\dimen118
\belowrulesep=\dimen119
\belowbottomsep=\dimen120
\aboverulesep=\dimen121
\abovetopsep=\dimen122
\cmidrulesep=\dimen123
\cmidrulekern=\dimen124
\defaultaddspace=\dimen125
\@cmidla=\count108
\@cmidlb=\count109
\@aboverulesep=\dimen126
\@belowrulesep=\dimen127
\@thisruleclass=\count110
\@lastruleclass=\count111
\@thisrulewidth=\dimen128
)
("C:\Program Files\MiKTeX 2.9\tex\latex\setspace\setspace.sty"
Package: setspace 2011/12/19 v6.7a set line spacing
)
("C:\Program Files\MiKTeX 2.9\tex\latex\tools\multicol.sty"
Package: multicol 2011/06/27 v1.7a multicolumn formatting (FMi)
\c@tracingmulticols=\count112
\mult@box=\box29
\multicol@leftmargin=\dimen129
\c@unbalance=\count113
\c@collectmore=\count114
\doublecol@number=\count115
\multicoltolerance=\count116
\multicolpretolerance=\count117
\full@width=\dimen130
\page@free=\dimen131
\premulticols=\dimen132
\postmulticols=\dimen133
\multicolsep=\skip60
\multicolbaselineskip=\skip61
\partial@page=\box30
\last@line=\box31
\mult@rightbox=\box32
\mult@grightbox=\box33
\mult@gfirstbox=\box34
\mult@firstbox=\box35
\@tempa=\box36
\@tempa=\box37
\@tempa=\box38
\@tempa=\box39
\@tempa=\box40
\@tempa=\box41
\@tempa=\box42
\@tempa=\box43
\@tempa=\box44
\@tempa=\box45
\@tempa=\box46
\@tempa=\box47
\@tempa=\box48
\@tempa=\box49
\@tempa=\box50
\@tempa=\box51
\@tempa=\box52
\c@columnbadness=\count118
\c@finalcolumnbadness=\count119
\last@try=\dimen134
\multicolovershoot=\dimen135
\multicolundershoot=\dimen136
\mult@nat@firstbox=\box53
\colbreak@box=\box54
\multicol@sort@counter=\count120
)
("C:\Program Files\MiKTeX 2.9\tex\latex\amsfonts\amssymb.sty"
Package: amssymb 2013/01/14 v3.01 AMS font symbols

("C:\Program Files\MiKTeX 2.9\tex\latex\amsfonts\amsfonts.sty"
Package: amsfonts 2013/01/14 v3.01 Basic AMSFonts support
\symAMSa=\mathgroup5
\symAMSb=\mathgroup6
LaTeX Font Info:    Overwriting math alphabet `\mathfrak' in version `bold'
(Font)                  U/euf/m/n --> U/euf/b/n on input line 106.
))
("C:\Program Files\MiKTeX 2.9\tex\latex\subfig\subfig.sty"
Package: subfig 2005/06/28 ver: 1.3 subfig package

("C:\Program Files\MiKTeX 2.9\tex\latex\caption\caption.sty"
Package: caption 2013/05/02 v3.3-89 Customizing captions (AR)

("C:\Program Files\MiKTeX 2.9\tex\latex\caption\caption3.sty"
Package: caption3 2013/05/02 v1.6-88 caption3 kernel (AR)
Package caption3 Info: TeX engine: e-TeX on input line 57.
\captionmargin=\dimen137
\captionmargin@=\dimen138
\captionwidth=\dimen139
\caption@tempdima=\dimen140
\caption@indent=\dimen141
\caption@parindent=\dimen142
\caption@hangindent=\dimen143
Package caption Info: Unknown document class (or package),
(caption)             standard defaults will be used.
)

Package caption Warning: Unsupported document class (or package) detected,
(caption)                usage of the caption package is not recommended.
See the caption package documentation for explanation.

Package caption Info: \@makecaption = \long macro:#1#2-> \vskip 10pt \setbox \@
tempboxa \hbox {{\bf #2}} \ifdim \wd \@tempboxa >\hsize {\bf #2}\par \else \hbo
x to\hsize {\hfil \box \@tempboxa \hfil } \fi .
\c@ContinuedFloat=\count121
Package caption Info: wrapfig package is loaded.
)
\c@KVtest=\count122
\sf@farskip=\skip62
\sf@captopadj=\dimen144
\sf@capskip=\skip63
\sf@nearskip=\skip64
\c@subfigure=\count123
\c@subfigure@save=\count124
\c@lofdepth=\count125
\c@subtable=\count126
\c@subtable@save=\count127
\c@lotdepth=\count128
\sf@top=\skip65
\sf@bottom=\skip66
) ("C:\Program Files\MiKTeX 2.9\tex\latex\tools\array.sty"
Package: array 2008/09/09 v2.4c Tabular extension package (FMi)
\col@sep=\dimen145
\extrarowheight=\dimen146
\NC@list=\toks28
\extratabsurround=\skip67
\backup@length=\skip68
)
("C:\Program Files\MiKTeX 2.9\tex\latex\xcolor\xcolor.sty"
Package: xcolor 2007/01/21 v2.11 LaTeX color extensions (UK)

("C:\Program Files\MiKTeX 2.9\tex\latex\00miktex\color.cfg"
File: color.cfg 2007/01/18 v1.5 color configuration of teTeX/TeXLive
)
Package xcolor Info: Driver file: pdftex.def on input line 225.
LaTeX Info: Redefining \color on input line 702.
Package xcolor Info: Model `cmy' substituted by `cmy0' on input line 1337.
Package xcolor Info: Model `hsb' substituted by `rgb' on input line 1341.
Package xcolor Info: Model `RGB' extended on input line 1353.
Package xcolor Info: Model `HTML' substituted by `rgb' on input line 1355.
Package xcolor Info: Model `Hsb' substituted by `hsb' on input line 1356.
Package xcolor Info: Model `tHsb' substituted by `hsb' on input line 1357.
Package xcolor Info: Model `HSB' substituted by `hsb' on input line 1358.
Package xcolor Info: Model `Gray' substituted by `gray' on input line 1359.
Package xcolor Info: Model `wave' substituted by `hsb' on input line 1360.
)
("C:\Program Files\MiKTeX 2.9\tex\latex\float\float.sty"
Package: float 2001/11/08 v1.3d Float enhancements (AL)
\c@float@type=\count129
\float@exts=\toks29
\float@box=\box55
\@float@everytoks=\toks30
\@floatcapt=\box56
)
("C:\Program Files\MiKTeX 2.9\tex\latex\enumitem\enumitem.sty"
Package: enumitem 2011/09/28 v3.5.2 Customized lists
\labelindent=\skip69
\enit@outerparindent=\dimen147
\enit@toks=\toks31
\enit@inbox=\box57
\enitdp@description=\count130
)
("C:\Program Files\MiKTeX 2.9\tex\latex\mathcomp\mathcomp.sty"
Package: mathcomp 2001/01/07 v0.1f (TBo)

("C:\Program Files\MiKTeX 2.9\tex\latex\base\textcomp.sty"
Package: textcomp 2005/09/27 v1.99g Standard LaTeX package
Package textcomp Info: Sub-encoding information:
(textcomp)               5 = only ISO-Adobe without \textcurrency
(textcomp)               4 = 5 + \texteuro
(textcomp)               3 = 4 + \textohm
(textcomp)               2 = 3 + \textestimated + \textcurrency
(textcomp)               1 = TS1 - \textcircled - \t
(textcomp)               0 = TS1 (full)
(textcomp)             Font families with sub-encoding setting implement
(textcomp)             only a restricted character set as indicated.
(textcomp)             Family '?' is the default used for unknown fonts.
(textcomp)             See the documentation for details.
Package textcomp Info: Setting ? sub-encoding to TS1/1 on input line 71.

("C:\Program Files\MiKTeX 2.9\tex\latex\base\ts1enc.def"
File: ts1enc.def 2001/06/05 v3.0e (jk/car/fm) Standard LaTeX file
)
LaTeX Info: Redefining \oldstylenums on input line 266.
Package textcomp Info: Setting cmr sub-encoding to TS1/0 on input line 281.
Package textcomp Info: Setting cmss sub-encoding to TS1/0 on input line 282.
Package textcomp Info: Setting cmtt sub-encoding to TS1/0 on input line 283.
Package textcomp Info: Setting cmvtt sub-encoding to TS1/0 on input line 284.
Package textcomp Info: Setting cmbr sub-encoding to TS1/0 on input line 285.
Package textcomp Info: Setting cmtl sub-encoding to TS1/0 on input line 286.
Package textcomp Info: Setting ccr sub-encoding to TS1/0 on input line 287.
Package textcomp Info: Setting ptm sub-encoding to TS1/4 on input line 288.
Package textcomp Info: Setting pcr sub-encoding to TS1/4 on input line 289.
Package textcomp Info: Setting phv sub-encoding to TS1/4 on input line 290.
Package textcomp Info: Setting ppl sub-encoding to TS1/3 on input line 291.
Package textcomp Info: Setting pag sub-encoding to TS1/4 on input line 292.
Package textcomp Info: Setting pbk sub-encoding to TS1/4 on input line 293.
Package textcomp Info: Setting pnc sub-encoding to TS1/4 on input line 294.
Package textcomp Info: Setting pzc sub-encoding to TS1/4 on input line 295.
Package textcomp Info: Setting bch sub-encoding to TS1/4 on input line 296.
Package textcomp Info: Setting put sub-encoding to TS1/5 on input line 297.
Package textcomp Info: Setting uag sub-encoding to TS1/5 on input line 298.
Package textcomp Info: Setting ugq sub-encoding to TS1/5 on input line 299.
Package textcomp Info: Setting ul8 sub-encoding to TS1/4 on input line 300.
Package textcomp Info: Setting ul9 sub-encoding to TS1/4 on input line 301.
Package textcomp Info: Setting augie sub-encoding to TS1/5 on input line 302.
Package textcomp Info: Setting dayrom sub-encoding to TS1/3 on input line 303.
Package textcomp Info: Setting dayroms sub-encoding to TS1/3 on input line 304.

Package textcomp Info: Setting pxr sub-encoding to TS1/0 on input line 305.
Package textcomp Info: Setting pxss sub-encoding to TS1/0 on input line 306.
Package textcomp Info: Setting pxtt sub-encoding to TS1/0 on input line 307.
Package textcomp Info: Setting txr sub-encoding to TS1/0 on input line 308.
Package textcomp Info: Setting txss sub-encoding to TS1/0 on input line 309.
Package textcomp Info: Setting txtt sub-encoding to TS1/0 on input line 310.
Package textcomp Info: Setting lmr sub-encoding to TS1/0 on input line 311.
Package textcomp Info: Setting lmdh sub-encoding to TS1/0 on input line 312.
Package textcomp Info: Setting lmss sub-encoding to TS1/0 on input line 313.
Package textcomp Info: Setting lmssq sub-encoding to TS1/0 on input line 314.
Package textcomp Info: Setting lmvtt sub-encoding to TS1/0 on input line 315.
Package textcomp Info: Setting qhv sub-encoding to TS1/0 on input line 316.
Package textcomp Info: Setting qag sub-encoding to TS1/0 on input line 317.
Package textcomp Info: Setting qbk sub-encoding to TS1/0 on input line 318.
Package textcomp Info: Setting qcr sub-encoding to TS1/0 on input line 319.
Package textcomp Info: Setting qcs sub-encoding to TS1/0 on input line 320.
Package textcomp Info: Setting qpl sub-encoding to TS1/0 on input line 321.
Package textcomp Info: Setting qtm sub-encoding to TS1/0 on input line 322.
Package textcomp Info: Setting qzc sub-encoding to TS1/0 on input line 323.
Package textcomp Info: Setting qhvc sub-encoding to TS1/0 on input line 324.
Package textcomp Info: Setting futs sub-encoding to TS1/4 on input line 325.
Package textcomp Info: Setting futx sub-encoding to TS1/4 on input line 326.
Package textcomp Info: Setting futj sub-encoding to TS1/4 on input line 327.
Package textcomp Info: Setting hlh sub-encoding to TS1/3 on input line 328.
Package textcomp Info: Setting hls sub-encoding to TS1/3 on input line 329.
Package textcomp Info: Setting hlst sub-encoding to TS1/3 on input line 330.
Package textcomp Info: Setting hlct sub-encoding to TS1/5 on input line 331.
Package textcomp Info: Setting hlx sub-encoding to TS1/5 on input line 332.
Package textcomp Info: Setting hlce sub-encoding to TS1/5 on input line 333.
Package textcomp Info: Setting hlcn sub-encoding to TS1/5 on input line 334.
Package textcomp Info: Setting hlcw sub-encoding to TS1/5 on input line 335.
Package textcomp Info: Setting hlcf sub-encoding to TS1/5 on input line 336.
Package textcomp Info: Setting pplx sub-encoding to TS1/3 on input line 337.
Package textcomp Info: Setting pplj sub-encoding to TS1/3 on input line 338.
Package textcomp Info: Setting ptmx sub-encoding to TS1/4 on input line 339.
Package textcomp Info: Setting ptmj sub-encoding to TS1/4 on input line 340.
)
\symTC=\mathgroup7
LaTeX Font Info:    Overwriting symbol font `TC' in version `bold'
(Font)                  TS1/cmr/m/n --> TS1/cmr/bx/n on input line 25.
LaTeX Font Info:    Redeclaring math symbol \dagger on input line 47.
LaTeX Font Info:    Redeclaring math symbol \ddagger on input line 48.
)
("C:\Program Files\MiKTeX 2.9\tex\latex\tools\tabularx.sty"
Package: tabularx 1999/01/07 v2.07 `tabularx' package (DPC)
\TX@col@width=\dimen148
\TX@old@table=\dimen149
\TX@old@col=\dimen150
\TX@target=\dimen151
\TX@delta=\dimen152
\TX@cols=\count131
\TX@ftn=\toks32
)
("C:\Program Files\MiKTeX 2.9\tex\latex\wasysym\wasysym.sty"
Package: wasysym 2003/10/30 v2.0 Wasy-2 symbol support package
\symwasy=\mathgroup8
LaTeX Font Info:    Overwriting symbol font `wasy' in version `bold'
(Font)                  U/wasy/m/n --> U/wasy/b/n on input line 90.
)
("C:\Program Files\MiKTeX 2.9\tex\latex\pbox\pbox.sty"
Package: pbox 2011/12/07 v1.2 Dynamic parboxes

("C:\Program Files\MiKTeX 2.9\tex\latex\tools\calc.sty"
Package: calc 2007/08/22 v4.3 Infix arithmetic (KKT,FJ)
\calc@Acount=\count132
\calc@Bcount=\count133
\calc@Adimen=\dimen153
\calc@Bdimen=\dimen154
\calc@Askip=\skip70
\calc@Bskip=\skip71
LaTeX Info: Redefining \setlength on input line 76.
LaTeX Info: Redefining \addtolength on input line 77.
\calc@Ccount=\count134
\calc@Cskip=\skip72
)
\pb@xlen=\skip73
)
(C:\Users\harry_000\Dropbox\Courses\CS188\HW\hw3\hw3.aux)
LaTeX Font Info:    Checking defaults for OML/cmm/m/it on input line 180.
LaTeX Font Info:    ... okay on input line 180.
LaTeX Font Info:    Checking defaults for T1/cmr/m/n on input line 180.
LaTeX Font Info:    ... okay on input line 180.
LaTeX Font Info:    Checking defaults for OT1/cmr/m/n on input line 180.
LaTeX Font Info:    ... okay on input line 180.
LaTeX Font Info:    Checking defaults for OMS/cmsy/m/n on input line 180.
LaTeX Font Info:    ... okay on input line 180.
LaTeX Font Info:    Checking defaults for OMX/cmex/m/n on input line 180.
LaTeX Font Info:    ... okay on input line 180.
LaTeX Font Info:    Checking defaults for U/cmr/m/n on input line 180.
LaTeX Font Info:    ... okay on input line 180.
LaTeX Font Info:    Checking defaults for TS1/cmr/m/n on input line 180.
LaTeX Font Info:    Try loading font information for TS1+cmr on input line 180.


("C:\Program Files\MiKTeX 2.9\tex\latex\base\ts1cmr.fd"
File: ts1cmr.fd 1999/05/25 v2.5h Standard LaTeX font definitions
)
LaTeX Font Info:    ... okay on input line 180.

("C:\Program Files\MiKTeX 2.9\tex\context\base\supp-pdf.mkii"
[Loading MPS to PDF converter (version 2006.09.02).]
\scratchcounter=\count135
\scratchdimen=\dimen155
\scratchbox=\box58
\nofMPsegments=\count136
\nofMParguments=\count137
\everyMPshowfont=\toks33
\MPscratchCnt=\count138
\MPscratchDim=\dimen156
\MPnumerator=\count139
\makeMPintoPDFobject=\count140
\everyMPtoPDFconversion=\toks34
)
Package caption Info: Begin \AtBeginDocument code.
Package caption Info: subfig package v1.3 is loaded.
Package caption Info: float package is loaded.
Package caption Info: End \AtBeginDocument code.
LaTeX Font Info:    Try loading font information for U+rsfs on input line 213.
 ("C:\Program Files\MiKTeX 2.9\tex\latex\jknappen\ursfs.fd"
File: ursfs.fd 1998/03/24 rsfs font definition file (jk)
)
LaTeX Font Info:    Try loading font information for U+msa on input line 213.

("C:\Program Files\MiKTeX 2.9\tex\latex\amsfonts\umsa.fd"
File: umsa.fd 2013/01/14 v3.01 AMS symbols A
)
LaTeX Font Info:    Try loading font information for U+msb on input line 213.

("C:\Program Files\MiKTeX 2.9\tex\latex\amsfonts\umsb.fd"
File: umsb.fd 2013/01/14 v3.01 AMS symbols B
)
LaTeX Font Info:    Try loading font information for U+wasy on input line 213.

("C:\Program Files\MiKTeX 2.9\tex\latex\wasysym\uwasy.fd"
File: uwasy.fd 2003/10/30 v2.0 Wasy-2 symbol font definitions
)
Underfull \hbox (badness 10000) in paragraph at lines 215--215

 []


Underfull \hbox (badness 10000) in paragraph at lines 215--215

 []


Underfull \hbox (badness 10000) in paragraph at lines 217--217

 []


Underfull \hbox (badness 10000) in paragraph at lines 217--217

 []


Underfull \hbox (badness 10000) in paragraph at lines 219--219

 []


Underfull \hbox (badness 10000) in paragraph at lines 219--219

 []


Underfull \hbox (badness 10000) in paragraph at lines 221--221

 []


Underfull \hbox (badness 10000) in paragraph at lines 221--221

 []


Underfull \hbox (badness 10000) in paragraph at lines 223--223

 []


Underfull \hbox (badness 10000) in paragraph at lines 223--223

 []

[1

{C:/ProgramData/MiKTeX/2.9/pdftex/config/pdftex.map}]
(C:\Users\harry_000\Dropbox\Courses\CS188\HW\hw3\q1.tex
<figures/alpha_beta_gamma/abg_q.png, id=10, 997.7275pt x 394.47375pt>
File: figures/alpha_beta_gamma/abg_q.png Graphic file (type png)

<use figures/alpha_beta_gamma/abg_q.png>
Package pdftex.def Info: figures/alpha_beta_gamma/abg_q.png used on input line 
27.
(pdftex.def)             Requested size: 325.215pt x 128.58165pt.

<figures/alpha_beta_gamma/skeleton.png, id=11, 989.6975pt x 399.4925pt>
File: figures/alpha_beta_gamma/skeleton.png Graphic file (type png)

<use figures/alpha_beta_gamma/skeleton.png>
Package pdftex.def Info: figures/alpha_beta_gamma/skeleton.png used on input li
ne 60.
(pdftex.def)             Requested size: 289.07999pt x 116.68497pt.

<figures/red_x.png, id=12, 110.05583pt x 110.05583pt>
File: figures/red_x.png Graphic file (type png)
 <use figures/red_x.png>
Package pdftex.def Info: figures/red_x.png used on input line 60.
(pdftex.def)             Requested size: 14.45377pt x 14.45386pt.
File: figures/red_x.png Graphic file (type png)

<use figures/red_x.png>
Package pdftex.def Info: figures/red_x.png used on input line 60.
(pdftex.def)             Requested size: 14.45377pt x 14.45386pt.

Overfull \hbox (11541.35925pt too wide) in paragraph at lines 60--61
 [] 
 []

File: figures/alpha_beta_gamma/skeleton.png Graphic file (type png)
<use figures/alpha_beta_gamma/skeleton.png>
Package pdftex.def Info: figures/alpha_beta_gamma/skeleton.png used on input li
ne 95.
(pdftex.def)             Requested size: 289.07999pt x 116.68497pt.
File: figures/red_x.png Graphic file (type png)
 <use figures/red_x.png>
Package pdftex.def Info: figures/red_x.png used on input line 95.
(pdftex.def)             Requested size: 14.45377pt x 14.45386pt.
File: figures/red_x.png Graphic file (type png)

<use figures/red_x.png>
Package pdftex.def Info: figures/red_x.png used on input line 95.
(pdftex.def)             Requested size: 14.45377pt x 14.45386pt.

Overfull \hbox (11541.35925pt too wide) in paragraph at lines 95--96
 [] 
 []

[2 <C:/Users/harry_000/Dropbox/Courses/CS188/HW/hw3/figures/alpha_beta_gamma/ab
g_q.png> <C:/Users/harry_000/Dropbox/Courses/CS188/HW/hw3/figures/alpha_beta_ga
mma/skeleton.png> <C:/Users/harry_000/Dropbox/Courses/CS188/HW/hw3/figures/red_
x.png>]
Overfull \hbox (77.80212pt too wide) in paragraph at lines 127--127
[]    \OT1/cmtt/m/n/10 (w_L, w_M, w_R) = Compute-Middle-Value(successor, C, alp
ha)[] 
 []


Overfull \hbox (8.88885pt too wide) in paragraph at lines 108--153
[][] [] 
 []


Overfull \hbox (67.30222pt too wide) in paragraph at lines 178--178
[]    \OT1/cmtt/m/n/10 (w_L, w_M, w_R) = Compute-Right-Value(successor, C, beta
)[] 
 []


Overfull \hbox (2.2222pt too wide) in paragraph at lines 159--203
[][] [] 
 []

[3]
Overfull \hbox (4.30276pt too wide) in paragraph at lines 229--229
[]    \OT1/cmtt/m/n/10 (w_L, w_M, w_R) = Evaluate-Utility(successor)[] 
 []


Overfull \hbox (2.2222pt too wide) in paragraph at lines 210--253
[][] [] 
 []

File: figures/alpha_beta_gamma/abg_q.png Graphic file (type png)
<use figures/alpha_beta_gamma/abg_q.png>
Package pdftex.def Info: figures/alpha_beta_gamma/abg_q.png used on input line 
276.
(pdftex.def)             Requested size: 325.215pt x 128.58165pt.


LaTeX Font Warning: Command \Large invalid in math mode on input line 292.

) [4] (C:\Users\harry_000\Dropbox\Courses\CS188\HW\hw3\q2.tex
<figures/utilities.png, id=34, 919.18407pt x 255.20343pt>
File: figures/utilities.png Graphic file (type png)

<use figures/utilities.png>
Package pdftex.def Info: figures/utilities.png used on input line 6.
(pdftex.def)             Requested size: 459.59091pt x 127.6014pt.

Underfull \hbox (badness 10000) in paragraph at lines 12--18

 []


Underfull \hbox (badness 10000) in paragraph at lines 21--23

 []


Overfull \hbox (7.22818pt too wide) in paragraph at lines 25--30
[] [] 
 []


Underfull \hbox (badness 10000) in paragraph at lines 35--41

 []


Overfull \hbox (7.22818pt too wide) in paragraph at lines 47--52
[] []
 []


Overfull \hbox (13.68094pt too wide) in paragraph at lines 55--60
[] []
 []

[5 <C:/Users/harry_000/Dropbox/Courses/CS188/HW/hw3/figures/utilities.png>])
[6] (C:\Users\harry_000\Dropbox\Courses\CS188\HW\hw3\hw3.aux) ) 
Here is how much of TeX's memory you used:
 5630 strings out of 493921
 79033 string characters out of 3147271
 145941 words of memory out of 3000000
 8797 multiletter control sequences out of 15000+200000
 19641 words of font info for 78 fonts, out of 3000000 for 9000
 841 hyphenation exceptions out of 8191
 44i,15n,43p,638b,574s stack positions out of 5000i,500n,10000p,200000b,50000s
{C:/Program File
s/MiKTeX 2.9/fonts/enc/dvips/cm-super/cm-super-ts1.enc}<C:/Program Files/MiKTeX
 2.9/fonts/type1/public/amsfonts/cm/cmbx10.pfb><C:/Program Files/MiKTeX 2.9/fon
ts/type1/public/amsfonts/cm/cmbx12.pfb><C:/Program Files/MiKTeX 2.9/fonts/type1
/public/amsfonts/cm/cmdunh10.pfb><C:/Program Files/MiKTeX 2.9/fonts/type1/publi
c/amsfonts/cm/cmmi10.pfb><C:/Program Files/MiKTeX 2.9/fonts/type1/public/amsfon
ts/cm/cmmi12.pfb><C:/Program Files/MiKTeX 2.9/fonts/type1/public/amsfonts/cm/cm
mi7.pfb><C:/Program Files/MiKTeX 2.9/fonts/type1/public/amsfonts/cm/cmmi8.pfb><
C:/Program Files/MiKTeX 2.9/fonts/type1/public/amsfonts/cm/cmr10.pfb><C:/Progra
m Files/MiKTeX 2.9/fonts/type1/public/amsfonts/cm/cmr12.pfb><C:/Program Files/M
iKTeX 2.9/fonts/type1/public/amsfonts/cm/cmr17.pfb><C:/Program Files/MiKTeX 2.9
/fonts/type1/public/amsfonts/cm/cmr7.pfb><C:/Program Files/MiKTeX 2.9/fonts/typ
e1/public/amsfonts/cm/cmsy10.pfb><C:/Program Files/MiKTeX 2.9/fonts/type1/publi
c/amsfonts/cm/cmti10.pfb><C:/Program Files/MiKTeX 2.9/fonts/type1/public/amsfon
ts/cm/cmtt10.pfb><C:/Program Files/MiKTeX 2.9/fonts/type1/public/cm-super/sfrm1
000.pfb><C:/Program Files/MiKTeX 2.9/fonts/type1/public/wasy/wasy10.pfb>
Output written on hw3.pdf (6 pages, 297233 bytes).
PDF statistics:
 92 PDF objects out of 1000 (max. 8388607)
 0 named destinations out of 1000 (max. 500000)
 21 words of extra memory for PDF output out of 10000 (max. 10000000)

